Using pre-set license
Built from '2020.2/staging' branch; Version is '2020.2.3f1 (8ff31bc5bf5b) revision 9433883'; Using compiler version '192528614'; Build Type 'Release'
OS: 'Windows 10 Pro; OS build 19042.746; Version 2009; 64bit' Language: 'ru' Physical Memory: 16345 MB
BatchMode: 1, IsHumanControllingUs: 0, StartBugReporterOnCrash: 0, Is64bit: 1, IsPro: 0

 COMMAND LINE ARGUMENTS:
C:\Program Files\Unity\Editor\Unity.exe
-adb2
-batchMode
-noUpm
-name
AssetImportWorker0
-projectPath
E:/ProjectAvita/UnityDev/Project_Avita
-logFile
Logs/AssetImportWorker0.log
-srvPort
51638
Successfully changed project path to: E:/ProjectAvita/UnityDev/Project_Avita
E:/ProjectAvita/UnityDev/Project_Avita
Using Asset Import Pipeline V2.
Refreshing native plugins compatible for Editor in 52.20 ms, found 1 plugins.
Preloading 0 native plugins for Editor in 0.00 ms.
Initialize engine version: 2020.2.3f1 (8ff31bc5bf5b)
[Subsystems] Discovering subsystems at path C:/Program Files/Unity/Editor/Data/Resources/UnitySubsystems
[Subsystems] Discovering subsystems at path E:/ProjectAvita/UnityDev/Project_Avita/Assets
GfxDevice: creating device client; threaded=0
Direct3D:
    Version:  Direct3D 11.0 [level 11.1]
    Renderer: NVIDIA GeForce RTX 2060 SUPER (ID=0x1f06)
    Vendor:   
    VRAM:     8031 MB
    Driver:   27.21.14.6109
Initialize mono
Mono path[0] = 'C:/Program Files/Unity/Editor/Data/Managed'
Mono path[1] = 'C:/Program Files/Unity/Editor/Data/MonoBleedingEdge/lib/mono/unityjit'
Mono config path = 'C:/Program Files/Unity/Editor/Data/MonoBleedingEdge/etc'
Using monoOptions --debugger-agent=transport=dt_socket,embedding=1,server=y,suspend=n,address=127.0.0.1:56568
Begin MonoManager ReloadAssembly
Registering precompiled unity dll's ...
Register platform support module: C:/Program Files/Unity/Editor/Data/PlaybackEngines/WindowsStandaloneSupport/UnityEditor.WindowsStandalone.Extensions.dll
Register platform support module: C:/Program Files/Unity/Editor/Data/PlaybackEngines/LinuxStandaloneSupport/UnityEditor.LinuxStandalone.Extensions.dll
Registered in 0.004087 seconds.
Native extension for LinuxStandalone target not found
Native extension for WindowsStandalone target not found
Refreshing native plugins compatible for Editor in 53.59 ms, found 1 plugins.
Preloading 0 native plugins for Editor in 0.00 ms.
Invoked RoslynAnalysisRunner static constructor.
RoslynAnalysisRunner will not be running.
RoslynAnalysisRunner has terminated.
Mono: successfully reloaded assembly
- Completed reload, in  1.491 seconds
Platform modules already initialized, skipping
Registering precompiled user dll's ...
Registered in 0.000941 seconds.
Begin MonoManager ReloadAssembly
Native extension for LinuxStandalone target not found
Native extension for WindowsStandalone target not found
Refreshing native plugins compatible for Editor in 55.89 ms, found 1 plugins.
Preloading 0 native plugins for Editor in 0.00 ms.
Invoked RoslynAnalysisRunner static constructor.
RoslynAnalysisRunner will not be running.
RoslynAnalysisRunner has terminated.
Mono: successfully reloaded assembly
- Completed reload, in  1.338 seconds
Platform modules already initialized, skipping
========================================================================
Worker process is ready to serve import requests
Launched and connected shader compiler UnityShaderCompiler.exe after 0.05 seconds
Refreshing native plugins compatible for Editor in 0.41 ms, found 1 plugins.
Preloading 0 native plugins for Editor in 0.00 ms.
Unloading 1806 Unused Serialized files (Serialized files now loaded: 0)
System memory in use before: 84.5 MB.
System memory in use after: 84.6 MB.

Unloading 19 unused Assets to reduce memory usage. Loaded Objects now: 2253.
Total: 2.771700 ms (FindLiveObjects: 0.292600 ms CreateObjectMapping: 0.204800 ms MarkObjects: 2.184500 ms  DeleteObjects: 0.088200 ms)

========================================================================
Received Import Request.
  path: Assets/Resources/New Dialogue Container SO.asset
  artifactKey: Guid(3545440af0a2d78439e3c8af060e3371) Importer(815301076,1909f56bfc062723c751e8b465ee728b)
Start importing Assets/Resources/New Dialogue Container SO.asset using Guid(3545440af0a2d78439e3c8af060e3371) Importer(815301076,1909f56bfc062723c751e8b465ee728b)  -> (artifact id: '835da697b4816c831abcdeed7ce0db07') in 0.042614 seconds
  Import took 0.046703 seconds .

========================================================================
Received Prepare
Registering precompiled user dll's ...
Registered in 0.001034 seconds.
Begin MonoManager ReloadAssembly
Native extension for LinuxStandalone target not found
Native extension for WindowsStandalone target not found
Refreshing native plugins compatible for Editor in 0.44 ms, found 1 plugins.
Preloading 0 native plugins for Editor in 0.00 ms.
Invoked RoslynAnalysisRunner static constructor.
RoslynAnalysisRunner will not be running.
RoslynAnalysisRunner has terminated.
Mono: successfully reloaded assembly
- Completed reload, in  1.164 seconds
Platform modules already initialized, skipping
Refreshing native plugins compatible for Editor in 0.42 ms, found 1 plugins.
Preloading 0 native plugins for Editor in 0.00 ms.
Unloading 1796 Unused Serialized files (Serialized files now loaded: 0)
System memory in use before: 84.1 MB.
System memory in use after: 84.2 MB.

Unloading 7 unused Assets to reduce memory usage. Loaded Objects now: 2256.
Total: 2.572000 ms (FindLiveObjects: 0.242800 ms CreateObjectMapping: 0.132900 ms MarkObjects: 2.162200 ms  DeleteObjects: 0.033000 ms)

========================================================================
Received Import Request.
  Time since last request: 503.588609 seconds.
  path: Assets/Resources/New Dialogue Container SO.asset
  artifactKey: Guid(3545440af0a2d78439e3c8af060e3371) Importer(815301076,1909f56bfc062723c751e8b465ee728b)
Start importing Assets/Resources/New Dialogue Container SO.asset using Guid(3545440af0a2d78439e3c8af060e3371) Importer(815301076,1909f56bfc062723c751e8b465ee728b)  -> (artifact id: 'de2f47e74255e6a38f91f8f22573d40b') in 0.030367 seconds
  Import took 0.034046 seconds .

========================================================================
Received Import Request.
  Time since last request: 8.205264 seconds.
  path: Assets/Resources/New Dialogue Container SO.asset
  artifactKey: Guid(3545440af0a2d78439e3c8af060e3371) Importer(815301076,1909f56bfc062723c751e8b465ee728b)
Start importing Assets/Resources/New Dialogue Container SO.asset using Guid(3545440af0a2d78439e3c8af060e3371) Importer(815301076,1909f56bfc062723c751e8b465ee728b)  -> (artifact id: '8535cd36b02aa3a1254e24824ae936f9') in 0.006992 seconds
  Import took 0.014973 seconds .

========================================================================
Received Import Request.
  Time since last request: 0.008795 seconds.
  path: Assets/Resources/New Dialogue Container SO.asset
  artifactKey: Guid(3545440af0a2d78439e3c8af060e3371) Importer(815301076,1909f56bfc062723c751e8b465ee728b)
Start importing Assets/Resources/New Dialogue Container SO.asset using Guid(3545440af0a2d78439e3c8af060e3371) Importer(815301076,1909f56bfc062723c751e8b465ee728b)  -> (artifact id: '8535cd36b02aa3a1254e24824ae936f9') in 0.005774 seconds
  Import took 0.010806 seconds .

========================================================================
Received Import Request.
  Time since last request: 53.202790 seconds.
  path: Assets/Resources/New Dialogue Container SO.asset
  artifactKey: Guid(3545440af0a2d78439e3c8af060e3371) Importer(815301076,1909f56bfc062723c751e8b465ee728b)
Start importing Assets/Resources/New Dialogue Container SO.asset using Guid(3545440af0a2d78439e3c8af060e3371) Importer(815301076,1909f56bfc062723c751e8b465ee728b)  -> (artifact id: 'ea4fff1896f573a92e1ae57310c8b550') in 0.011266 seconds
  Import took 0.015192 seconds .

========================================================================
Received Import Request.
  Time since last request: 0.005497 seconds.
  path: Assets/Resources/New Dialogue Container SO.asset
  artifactKey: Guid(3545440af0a2d78439e3c8af060e3371) Importer(815301076,1909f56bfc062723c751e8b465ee728b)
Start importing Assets/Resources/New Dialogue Container SO.asset using Guid(3545440af0a2d78439e3c8af060e3371) Importer(815301076,1909f56bfc062723c751e8b465ee728b)  -> (artifact id: 'ea4fff1896f573a92e1ae57310c8b550') in 0.005934 seconds
  Import took 0.009360 seconds .

========================================================================
Received Prepare
Registering precompiled user dll's ...
Registered in 0.001483 seconds.
Begin MonoManager ReloadAssembly
Native extension for LinuxStandalone target not found
Native extension for WindowsStandalone target not found
Refreshing native plugins compatible for Editor in 0.42 ms, found 1 plugins.
Preloading 0 native plugins for Editor in 0.00 ms.
Invoked RoslynAnalysisRunner static constructor.
RoslynAnalysisRunner will not be running.
RoslynAnalysisRunner has terminated.
Mono: successfully reloaded assembly
- Completed reload, in  1.306 seconds
Platform modules already initialized, skipping
Refreshing native plugins compatible for Editor in 0.47 ms, found 1 plugins.
Preloading 0 native plugins for Editor in 0.00 ms.
Unloading 1796 Unused Serialized files (Serialized files now loaded: 0)
System memory in use before: 84.2 MB.
System memory in use after: 84.3 MB.

Unloading 7 unused Assets to reduce memory usage. Loaded Objects now: 2259.
Total: 2.149100 ms (FindLiveObjects: 0.189500 ms CreateObjectMapping: 0.080500 ms MarkObjects: 1.859200 ms  DeleteObjects: 0.018300 ms)

========================================================================
Received Prepare
Registering precompiled user dll's ...
Registered in 0.000999 seconds.
Begin MonoManager ReloadAssembly
Native extension for LinuxStandalone target not found
Native extension for WindowsStandalone target not found
Refreshing native plugins compatible for Editor in 0.42 ms, found 1 plugins.
Preloading 0 native plugins for Editor in 0.00 ms.
Invoked RoslynAnalysisRunner static constructor.
RoslynAnalysisRunner will not be running.
RoslynAnalysisRunner has terminated.
Mono: successfully reloaded assembly
- Completed reload, in  1.251 seconds
Platform modules already initialized, skipping
Refreshing native plugins compatible for Editor in 0.42 ms, found 1 plugins.
Preloading 0 native plugins for Editor in 0.00 ms.
Unloading 1796 Unused Serialized files (Serialized files now loaded: 0)
System memory in use before: 84.2 MB.
System memory in use after: 84.3 MB.

Unloading 7 unused Assets to reduce memory usage. Loaded Objects now: 2262.
Total: 2.560500 ms (FindLiveObjects: 0.292300 ms CreateObjectMapping: 0.171300 ms MarkObjects: 2.077200 ms  DeleteObjects: 0.018200 ms)

========================================================================
Received Import Request.
  Time since last request: 2282.173422 seconds.
  path: Assets/Resources/New Dialogue Container SO.asset
  artifactKey: Guid(3545440af0a2d78439e3c8af060e3371) Importer(815301076,1909f56bfc062723c751e8b465ee728b)
Start importing Assets/Resources/New Dialogue Container SO.asset using Guid(3545440af0a2d78439e3c8af060e3371) Importer(815301076,1909f56bfc062723c751e8b465ee728b)  -> (artifact id: '36d7c74de6e62d03036d507abb05e382') in 0.035624 seconds
  Import took 0.039772 seconds .

========================================================================
Received Import Request.
  Time since last request: 205.741070 seconds.
  path: Assets/Resources/New Dialogue Container SO.asset
  artifactKey: Guid(3545440af0a2d78439e3c8af060e3371) Importer(815301076,1909f56bfc062723c751e8b465ee728b)
Start importing Assets/Resources/New Dialogue Container SO.asset using Guid(3545440af0a2d78439e3c8af060e3371) Importer(815301076,1909f56bfc062723c751e8b465ee728b)  -> (artifact id: '298d64b21b1dfcd722e77e30331695c4') in 0.011675 seconds
  Import took 0.020339 seconds .

========================================================================
Received Import Request.
  Time since last request: 2.290102 seconds.
  path: Assets/Resources/New Dialogue Container SO.asset
  artifactKey: Guid(3545440af0a2d78439e3c8af060e3371) Importer(815301076,1909f56bfc062723c751e8b465ee728b)
Start importing Assets/Resources/New Dialogue Container SO.asset using Guid(3545440af0a2d78439e3c8af060e3371) Importer(815301076,1909f56bfc062723c751e8b465ee728b)  -> (artifact id: '3b8583c2eb1f4f7d101e6b107bd199a8') in 0.013583 seconds
  Import took 0.017421 seconds .

========================================================================
Received Prepare
Registering precompiled user dll's ...
Registered in 0.001574 seconds.
Begin MonoManager ReloadAssembly
Native extension for LinuxStandalone target not found
Native extension for WindowsStandalone target not found
Refreshing native plugins compatible for Editor in 1.18 ms, found 1 plugins.
Preloading 0 native plugins for Editor in 0.00 ms.
Invoked RoslynAnalysisRunner static constructor.
RoslynAnalysisRunner will not be running.
RoslynAnalysisRunner has terminated.
Mono: successfully reloaded assembly
- Completed reload, in  1.358 seconds
Platform modules already initialized, skipping
Refreshing native plugins compatible for Editor in 0.42 ms, found 1 plugins.
Preloading 0 native plugins for Editor in 0.00 ms.
Unloading 1796 Unused Serialized files (Serialized files now loaded: 0)
System memory in use before: 84.2 MB.
System memory in use after: 84.3 MB.

Unloading 7 unused Assets to reduce memory usage. Loaded Objects now: 2265.
Total: 2.594500 ms (FindLiveObjects: 0.282900 ms CreateObjectMapping: 0.162300 ms MarkObjects: 2.129700 ms  DeleteObjects: 0.018100 ms)

========================================================================
Received Prepare
Registering precompiled user dll's ...
Registered in 0.000955 seconds.
Begin MonoManager ReloadAssembly
Native extension for LinuxStandalone target not found
Native extension for WindowsStandalone target not found
Refreshing native plugins compatible for Editor in 0.43 ms, found 1 plugins.
Preloading 0 native plugins for Editor in 0.00 ms.
Invoked RoslynAnalysisRunner static constructor.
RoslynAnalysisRunner will not be running.
RoslynAnalysisRunner has terminated.
Mono: successfully reloaded assembly
- Completed reload, in  1.238 seconds
Platform modules already initialized, skipping
Refreshing native plugins compatible for Editor in 0.42 ms, found 1 plugins.
Preloading 0 native plugins for Editor in 0.00 ms.
Unloading 1796 Unused Serialized files (Serialized files now loaded: 0)
System memory in use before: 84.2 MB.
System memory in use after: 84.3 MB.

Unloading 7 unused Assets to reduce memory usage. Loaded Objects now: 2268.
Total: 2.769400 ms (FindLiveObjects: 0.278100 ms CreateObjectMapping: 0.175900 ms MarkObjects: 2.293000 ms  DeleteObjects: 0.020900 ms)

========================================================================
Received Import Request.
  Time since last request: 228.180419 seconds.
  path: Assets/Resources/New Dialogue Container SO.asset
  artifactKey: Guid(3545440af0a2d78439e3c8af060e3371) Importer(815301076,1909f56bfc062723c751e8b465ee728b)
Start importing Assets/Resources/New Dialogue Container SO.asset using Guid(3545440af0a2d78439e3c8af060e3371) Importer(815301076,1909f56bfc062723c751e8b465ee728b)  -> (artifact id: '6e1e0d8f6ee636bcfb7c21d86d96bab4') in 0.035389 seconds
  Import took 0.039557 seconds .

========================================================================
Received Import Request.
  Time since last request: 12.647794 seconds.
  path: Assets/Resources/New Dialogue Container SO.asset
  artifactKey: Guid(3545440af0a2d78439e3c8af060e3371) Importer(815301076,1909f56bfc062723c751e8b465ee728b)
Start importing Assets/Resources/New Dialogue Container SO.asset using Guid(3545440af0a2d78439e3c8af060e3371) Importer(815301076,1909f56bfc062723c751e8b465ee728b)  -> (artifact id: '100ee6d47ff367661d5f600ecd6baa70') in 0.012667 seconds
  Import took 0.016985 seconds .

========================================================================
Received Prepare
Registering precompiled user dll's ...
Registered in 0.001063 seconds.
Begin MonoManager ReloadAssembly
Native extension for LinuxStandalone target not found
Native extension for WindowsStandalone target not found
Refreshing native plugins compatible for Editor in 0.48 ms, found 1 plugins.
Preloading 0 native plugins for Editor in 0.00 ms.
Invoked RoslynAnalysisRunner static constructor.
RoslynAnalysisRunner will not be running.
RoslynAnalysisRunner has terminated.
Mono: successfully reloaded assembly
- Completed reload, in  1.145 seconds
Platform modules already initialized, skipping
Refreshing native plugins compatible for Editor in 0.52 ms, found 1 plugins.
Preloading 0 native plugins for Editor in 0.00 ms.
Unloading 1796 Unused Serialized files (Serialized files now loaded: 0)
System memory in use before: 84.2 MB.
System memory in use after: 84.3 MB.

Unloading 7 unused Assets to reduce memory usage. Loaded Objects now: 2271.
Total: 2.616100 ms (FindLiveObjects: 0.248000 ms CreateObjectMapping: 0.137600 ms MarkObjects: 2.211800 ms  DeleteObjects: 0.017200 ms)

========================================================================
Received Import Request.
  Time since last request: 90.426402 seconds.
  path: Assets/Resources/New Dialogue Container SO.asset
  artifactKey: Guid(3545440af0a2d78439e3c8af060e3371) Importer(815301076,1909f56bfc062723c751e8b465ee728b)
Start importing Assets/Resources/New Dialogue Container SO.asset using Guid(3545440af0a2d78439e3c8af060e3371) Importer(815301076,1909f56bfc062723c751e8b465ee728b)  -> (artifact id: 'c3a3b0cac636b7391763fc31a4c6ae2e') in 0.025947 seconds
  Import took 0.029618 seconds .

========================================================================
Received Prepare
Registering precompiled user dll's ...
Registered in 0.000950 seconds.
Begin MonoManager ReloadAssembly
Native extension for LinuxStandalone target not found
Native extension for WindowsStandalone target not found
Refreshing native plugins compatible for Editor in 0.41 ms, found 1 plugins.
Preloading 0 native plugins for Editor in 0.00 ms.
Invoked RoslynAnalysisRunner static constructor.
RoslynAnalysisRunner will not be running.
RoslynAnalysisRunner has terminated.
Mono: successfully reloaded assembly
- Completed reload, in  1.145 seconds
Platform modules already initialized, skipping
Refreshing native plugins compatible for Editor in 0.51 ms, found 1 plugins.
Preloading 0 native plugins for Editor in 0.00 ms.
Unloading 1796 Unused Serialized files (Serialized files now loaded: 0)
System memory in use before: 84.2 MB.
System memory in use after: 84.4 MB.

Unloading 7 unused Assets to reduce memory usage. Loaded Objects now: 2274.
Total: 2.965800 ms (FindLiveObjects: 0.282900 ms CreateObjectMapping: 0.170700 ms MarkObjects: 2.488900 ms  DeleteObjects: 0.021100 ms)

========================================================================
Received Import Request.
  Time since last request: 38.739902 seconds.
  path: Assets/Resources/New Dialogue Container SO.asset
  artifactKey: Guid(3545440af0a2d78439e3c8af060e3371) Importer(815301076,1909f56bfc062723c751e8b465ee728b)
Start importing Assets/Resources/New Dialogue Container SO.asset using Guid(3545440af0a2d78439e3c8af060e3371) Importer(815301076,1909f56bfc062723c751e8b465ee728b)  -> (artifact id: '7bfd22065c99e65895bda424a18bcfad') in 0.045475 seconds
  Import took 0.052461 seconds .

========================================================================
Received Import Request.
  Time since last request: 124.228993 seconds.
  path: Assets/Resources/New Dialogue Container SO.asset
  artifactKey: Guid(3545440af0a2d78439e3c8af060e3371) Importer(815301076,1909f56bfc062723c751e8b465ee728b)
Start importing Assets/Resources/New Dialogue Container SO.asset using Guid(3545440af0a2d78439e3c8af060e3371) Importer(815301076,1909f56bfc062723c751e8b465ee728b)  -> (artifact id: '0203108cf35d7e8f09b980a46f1995a9') in 0.009476 seconds
  Import took 0.014585 seconds .

========================================================================
Received Import Request.
  Time since last request: 19.631566 seconds.
  path: Assets/Resources/New Dialogue Container SO.asset
  artifactKey: Guid(3545440af0a2d78439e3c8af060e3371) Importer(815301076,1909f56bfc062723c751e8b465ee728b)
Start importing Assets/Resources/New Dialogue Container SO.asset using Guid(3545440af0a2d78439e3c8af060e3371) Importer(815301076,1909f56bfc062723c751e8b465ee728b)  -> (artifact id: '7c1330bd3ff02b4162d0ceaec32ed245') in 0.007611 seconds
  Import took 0.012274 seconds .

========================================================================
Received Prepare
Registering precompiled user dll's ...
Registered in 0.000954 seconds.
Begin MonoManager ReloadAssembly
Native extension for LinuxStandalone target not found
Native extension for WindowsStandalone target not found
Refreshing native plugins compatible for Editor in 0.53 ms, found 1 plugins.
Preloading 0 native plugins for Editor in 0.00 ms.
Invoked RoslynAnalysisRunner static constructor.
RoslynAnalysisRunner will not be running.
RoslynAnalysisRunner has terminated.
Mono: successfully reloaded assembly
- Completed reload, in  1.132 seconds
Platform modules already initialized, skipping
Refreshing native plugins compatible for Editor in 0.54 ms, found 1 plugins.
Preloading 0 native plugins for Editor in 0.00 ms.
Unloading 1796 Unused Serialized files (Serialized files now loaded: 0)
System memory in use before: 84.3 MB.
System memory in use after: 84.4 MB.

Unloading 7 unused Assets to reduce memory usage. Loaded Objects now: 2277.
Total: 3.404600 ms (FindLiveObjects: 0.396400 ms CreateObjectMapping: 0.185300 ms MarkObjects: 2.773300 ms  DeleteObjects: 0.047000 ms)

========================================================================
Received Prepare
Registering precompiled user dll's ...
Registered in 0.000954 seconds.
Begin MonoManager ReloadAssembly
Native extension for LinuxStandalone target not found
Native extension for WindowsStandalone target not found
Refreshing native plugins compatible for Editor in 0.43 ms, found 1 plugins.
Preloading 0 native plugins for Editor in 0.00 ms.
Invoked RoslynAnalysisRunner static constructor.
RoslynAnalysisRunner will not be running.
RoslynAnalysisRunner has terminated.
Mono: successfully reloaded assembly
- Completed reload, in  1.140 seconds
Platform modules already initialized, skipping
Refreshing native plugins compatible for Editor in 0.42 ms, found 1 plugins.
Preloading 0 native plugins for Editor in 0.00 ms.
Unloading 1796 Unused Serialized files (Serialized files now loaded: 0)
System memory in use before: 84.3 MB.
System memory in use after: 84.4 MB.

Unloading 7 unused Assets to reduce memory usage. Loaded Objects now: 2280.
Total: 2.555600 ms (FindLiveObjects: 0.278300 ms CreateObjectMapping: 0.132300 ms MarkObjects: 2.109900 ms  DeleteObjects: 0.025300 ms)

========================================================================
Received Import Request.
  Time since last request: 63.250777 seconds.
  path: Assets/Resources/New Dialogue Container SO.asset
  artifactKey: Guid(3545440af0a2d78439e3c8af060e3371) Importer(815301076,1909f56bfc062723c751e8b465ee728b)
Start importing Assets/Resources/New Dialogue Container SO.asset using Guid(3545440af0a2d78439e3c8af060e3371) Importer(815301076,1909f56bfc062723c751e8b465ee728b)  -> (artifact id: '979d4ab3411c73b6faaa3c7841631581') in 0.023442 seconds
  Import took 0.028023 seconds .

========================================================================
Received Import Request.
  Time since last request: 13.219968 seconds.
  path: Assets/Resources/New Dialogue Container SO.asset
  artifactKey: Guid(3545440af0a2d78439e3c8af060e3371) Importer(815301076,1909f56bfc062723c751e8b465ee728b)
Start importing Assets/Resources/New Dialogue Container SO.asset using Guid(3545440af0a2d78439e3c8af060e3371) Importer(815301076,1909f56bfc062723c751e8b465ee728b)  -> (artifact id: 'c534804ebb11bfefad37e16dc2e377fa') in 0.015283 seconds
  Import took 0.019165 seconds .

========================================================================
Received Prepare
Registering precompiled user dll's ...
Registered in 0.000960 seconds.
Begin MonoManager ReloadAssembly
Native extension for LinuxStandalone target not found
Native extension for WindowsStandalone target not found
Refreshing native plugins compatible for Editor in 0.58 ms, found 1 plugins.
Preloading 0 native plugins for Editor in 0.00 ms.
Invoked RoslynAnalysisRunner static constructor.
RoslynAnalysisRunner will not be running.
RoslynAnalysisRunner has terminated.
Mono: successfully reloaded assembly
- Completed reload, in  1.104 seconds
Platform modules already initialized, skipping
Refreshing native plugins compatible for Editor in 0.44 ms, found 1 plugins.
Preloading 0 native plugins for Editor in 0.00 ms.
Unloading 1796 Unused Serialized files (Serialized files now loaded: 0)
System memory in use before: 84.3 MB.
System memory in use after: 84.4 MB.

Unloading 8 unused Assets to reduce memory usage. Loaded Objects now: 2283.
Total: 2.777800 ms (FindLiveObjects: 0.267800 ms CreateObjectMapping: 0.150800 ms MarkObjects: 2.306300 ms  DeleteObjects: 0.051300 ms)

========================================================================
Received Import Request.
  Time since last request: 102.069088 seconds.
  path: Assets/Resources/New Dialogue Container SO.asset
  artifactKey: Guid(3545440af0a2d78439e3c8af060e3371) Importer(815301076,1909f56bfc062723c751e8b465ee728b)
Start importing Assets/Resources/New Dialogue Container SO.asset using Guid(3545440af0a2d78439e3c8af060e3371) Importer(815301076,1909f56bfc062723c751e8b465ee728b)  -> (artifact id: '07031985f6c4ef982cc5468dc7f70b77') in 0.025835 seconds
  Import took 0.030796 seconds .

========================================================================
Received Import Request.
  Time since last request: 316.387007 seconds.
  path: Assets/Resources/New Dialogue Container SO.asset
  artifactKey: Guid(3545440af0a2d78439e3c8af060e3371) Importer(815301076,1909f56bfc062723c751e8b465ee728b)
Start importing Assets/Resources/New Dialogue Container SO.asset using Guid(3545440af0a2d78439e3c8af060e3371) Importer(815301076,1909f56bfc062723c751e8b465ee728b)  -> (artifact id: '6cfdcc74a43ebfc805df88ced6e74b64') in 0.015047 seconds
  Import took 0.021261 seconds .

========================================================================
Received Prepare
Registering precompiled user dll's ...
Registered in 0.000954 seconds.
Begin MonoManager ReloadAssembly
Native extension for LinuxStandalone target not found
Native extension for WindowsStandalone target not found
Refreshing native plugins compatible for Editor in 0.42 ms, found 1 plugins.
Preloading 0 native plugins for Editor in 0.00 ms.
Invoked RoslynAnalysisRunner static constructor.
RoslynAnalysisRunner will not be running.
RoslynAnalysisRunner has terminated.
Mono: successfully reloaded assembly
- Completed reload, in  1.263 seconds
Platform modules already initialized, skipping
Refreshing native plugins compatible for Editor in 0.43 ms, found 1 plugins.
Preloading 0 native plugins for Editor in 0.00 ms.
Unloading 1796 Unused Serialized files (Serialized files now loaded: 0)
System memory in use before: 84.3 MB.
System memory in use after: 84.4 MB.

Unloading 8 unused Assets to reduce memory usage. Loaded Objects now: 2286.
Total: 3.316400 ms (FindLiveObjects: 0.326900 ms CreateObjectMapping: 0.171800 ms MarkObjects: 2.786600 ms  DeleteObjects: 0.029400 ms)

========================================================================
Received Prepare
Registering precompiled user dll's ...
Registered in 0.000937 seconds.
Begin MonoManager ReloadAssembly
Native extension for LinuxStandalone target not found
Native extension for WindowsStandalone target not found
Refreshing native plugins compatible for Editor in 1.01 ms, found 1 plugins.
Preloading 0 native plugins for Editor in 0.00 ms.
Invoked RoslynAnalysisRunner static constructor.
RoslynAnalysisRunner will not be running.
RoslynAnalysisRunner has terminated.
Mono: successfully reloaded assembly
- Completed reload, in  1.211 seconds
Platform modules already initialized, skipping
Refreshing native plugins compatible for Editor in 0.42 ms, found 1 plugins.
Preloading 0 native plugins for Editor in 0.00 ms.
Unloading 1796 Unused Serialized files (Serialized files now loaded: 0)
System memory in use before: 84.3 MB.
System memory in use after: 84.4 MB.

Unloading 7 unused Assets to reduce memory usage. Loaded Objects now: 2289.
Total: 2.609000 ms (FindLiveObjects: 0.315700 ms CreateObjectMapping: 0.173200 ms MarkObjects: 2.099400 ms  DeleteObjects: 0.018400 ms)

========================================================================
Received Prepare
Registering precompiled user dll's ...
Registered in 0.001079 seconds.
Begin MonoManager ReloadAssembly
Native extension for LinuxStandalone target not found
Native extension for WindowsStandalone target not found
Refreshing native plugins compatible for Editor in 0.39 ms, found 1 plugins.
Preloading 0 native plugins for Editor in 0.00 ms.
Invoked RoslynAnalysisRunner static constructor.
RoslynAnalysisRunner will not be running.
RoslynAnalysisRunner has terminated.
Mono: successfully reloaded assembly
- Completed reload, in  1.246 seconds
Platform modules already initialized, skipping
Refreshing native plugins compatible for Editor in 0.41 ms, found 1 plugins.
Preloading 0 native plugins for Editor in 0.00 ms.
Unloading 1796 Unused Serialized files (Serialized files now loaded: 0)
System memory in use before: 84.3 MB.
System memory in use after: 84.4 MB.

Unloading 7 unused Assets to reduce memory usage. Loaded Objects now: 2292.
Total: 3.618200 ms (FindLiveObjects: 0.236000 ms CreateObjectMapping: 0.080700 ms MarkObjects: 3.275900 ms  DeleteObjects: 0.023700 ms)

========================================================================
Received Prepare
Registering precompiled user dll's ...
Registered in 0.000969 seconds.
Begin MonoManager ReloadAssembly
Native extension for LinuxStandalone target not found
Native extension for WindowsStandalone target not found
Refreshing native plugins compatible for Editor in 0.46 ms, found 1 plugins.
Preloading 0 native plugins for Editor in 0.00 ms.
Invoked RoslynAnalysisRunner static constructor.
RoslynAnalysisRunner will not be running.
RoslynAnalysisRunner has terminated.
Mono: successfully reloaded assembly
- Completed reload, in  1.219 seconds
Platform modules already initialized, skipping
Refreshing native plugins compatible for Editor in 0.42 ms, found 1 plugins.
Preloading 0 native plugins for Editor in 0.00 ms.
Unloading 1796 Unused Serialized files (Serialized files now loaded: 0)
System memory in use before: 84.3 MB.
System memory in use after: 84.4 MB.

Unloading 7 unused Assets to reduce memory usage. Loaded Objects now: 2295.
Total: 2.206700 ms (FindLiveObjects: 0.212700 ms CreateObjectMapping: 0.101800 ms MarkObjects: 1.871800 ms  DeleteObjects: 0.018800 ms)

========================================================================
Received Import Request.
  Time since last request: 7998.657545 seconds.
  path: Assets/Scripts/New Folder
  artifactKey: Guid(0827decf0c3a94e43a03a72ab70905a4) Importer(815301076,1909f56bfc062723c751e8b465ee728b)
Start importing Assets/Scripts/New Folder using Guid(0827decf0c3a94e43a03a72ab70905a4) Importer(815301076,1909f56bfc062723c751e8b465ee728b)  -> (artifact id: '931be327c082933b1e61381a36554c4d') in 0.017315 seconds
  Import took 0.021601 seconds .

========================================================================
Received Import Request.
  Time since last request: 7.772812 seconds.
  path: Assets/Scripts/Dialogue Use
  artifactKey: Guid(0827decf0c3a94e43a03a72ab70905a4) Importer(815301076,1909f56bfc062723c751e8b465ee728b)
Start importing Assets/Scripts/Dialogue Use using Guid(0827decf0c3a94e43a03a72ab70905a4) Importer(815301076,1909f56bfc062723c751e8b465ee728b)  -> (artifact id: '21d156dcf79a1bf77d2098fdab72a946') in 0.014415 seconds
  Import took 0.017969 seconds .

========================================================================
Received Import Request.
  Time since last request: 10.474683 seconds.
  path: Assets/Scripts/Dialogue Use/LanguageController.cs
  artifactKey: Guid(e0bb5de5146783445a69eb92511cc574) Importer(815301076,1909f56bfc062723c751e8b465ee728b)
Start importing Assets/Scripts/Dialogue Use/LanguageController.cs using Guid(e0bb5de5146783445a69eb92511cc574) Importer(815301076,1909f56bfc062723c751e8b465ee728b)  -> (artifact id: '14663951271d023187996fb13723a41d') in 0.018037 seconds
  Import took 0.034980 seconds .

========================================================================
Received Prepare
Registering precompiled user dll's ...
Registered in 0.001021 seconds.
Begin MonoManager ReloadAssembly
Native extension for LinuxStandalone target not found
Native extension for WindowsStandalone target not found
Refreshing native plugins compatible for Editor in 0.48 ms, found 1 plugins.
Preloading 0 native plugins for Editor in 0.00 ms.
Invoked RoslynAnalysisRunner static constructor.
RoslynAnalysisRunner will not be running.
RoslynAnalysisRunner has terminated.
Mono: successfully reloaded assembly
- Completed reload, in  1.248 seconds
Platform modules already initialized, skipping
Refreshing native plugins compatible for Editor in 0.42 ms, found 1 plugins.
Preloading 0 native plugins for Editor in 0.00 ms.
Unloading 1797 Unused Serialized files (Serialized files now loaded: 0)
System memory in use before: 84.3 MB.
System memory in use after: 84.5 MB.

Unloading 7 unused Assets to reduce memory usage. Loaded Objects now: 2299.
Total: 3.140000 ms (FindLiveObjects: 0.216500 ms CreateObjectMapping: 0.109800 ms MarkObjects: 2.789800 ms  DeleteObjects: 0.022300 ms)

========================================================================
Received Import Request.
  Time since last request: 76.834312 seconds.
  path: Assets/Scripts/Dialogue Use/DialogueGetData.cs
  artifactKey: Guid(a09f2be01c6c4354fa63fb499467f61a) Importer(815301076,1909f56bfc062723c751e8b465ee728b)
Start importing Assets/Scripts/Dialogue Use/DialogueGetData.cs using Guid(a09f2be01c6c4354fa63fb499467f61a) Importer(815301076,1909f56bfc062723c751e8b465ee728b)  -> (artifact id: '4c347a7c5e921fa2d512848f2ac0d4de') in 0.150562 seconds
  Import took 0.164662 seconds .

========================================================================
Received Prepare
Registering precompiled user dll's ...
Registered in 0.000965 seconds.
Begin MonoManager ReloadAssembly
Native extension for LinuxStandalone target not found
Native extension for WindowsStandalone target not found
Refreshing native plugins compatible for Editor in 0.42 ms, found 1 plugins.
Preloading 0 native plugins for Editor in 0.00 ms.
Invoked RoslynAnalysisRunner static constructor.
RoslynAnalysisRunner will not be running.
RoslynAnalysisRunner has terminated.
Mono: successfully reloaded assembly
- Completed reload, in  1.220 seconds
Platform modules already initialized, skipping
Refreshing native plugins compatible for Editor in 0.47 ms, found 1 plugins.
Preloading 0 native plugins for Editor in 0.00 ms.
Unloading 1798 Unused Serialized files (Serialized files now loaded: 0)
System memory in use before: 84.4 MB.
System memory in use after: 84.5 MB.

Unloading 7 unused Assets to reduce memory usage. Loaded Objects now: 2303.
Total: 2.680700 ms (FindLiveObjects: 0.196800 ms CreateObjectMapping: 0.078400 ms MarkObjects: 2.382700 ms  DeleteObjects: 0.020800 ms)

========================================================================
Received Import Request.
  Time since last request: 38.368856 seconds.
  path: Assets/Scripts/Dialogue Use/DialogueController.cs
  artifactKey: Guid(518b4d54cb2062a40b275b14c00d44ca) Importer(815301076,1909f56bfc062723c751e8b465ee728b)
Start importing Assets/Scripts/Dialogue Use/DialogueController.cs using Guid(518b4d54cb2062a40b275b14c00d44ca) Importer(815301076,1909f56bfc062723c751e8b465ee728b)  -> (artifact id: '658ae7097973f2bfd9dce8d49318e1cd') in 0.048230 seconds
  Import took 0.052995 seconds .

========================================================================
Received Prepare
Registering precompiled user dll's ...
Registered in 0.000971 seconds.
Begin MonoManager ReloadAssembly
Native extension for LinuxStandalone target not found
Native extension for WindowsStandalone target not found
Refreshing native plugins compatible for Editor in 0.43 ms, found 1 plugins.
Preloading 0 native plugins for Editor in 0.00 ms.
Invoked RoslynAnalysisRunner static constructor.
RoslynAnalysisRunner will not be running.
RoslynAnalysisRunner has terminated.
Mono: successfully reloaded assembly
- Completed reload, in  1.408 seconds
Platform modules already initialized, skipping
Refreshing native plugins compatible for Editor in 0.46 ms, found 1 plugins.
Preloading 0 native plugins for Editor in 0.00 ms.
Unloading 1799 Unused Serialized files (Serialized files now loaded: 0)
System memory in use before: 84.4 MB.
System memory in use after: 84.5 MB.

Unloading 7 unused Assets to reduce memory usage. Loaded Objects now: 2307.
Total: 2.189300 ms (FindLiveObjects: 0.207700 ms CreateObjectMapping: 0.076200 ms MarkObjects: 1.885700 ms  DeleteObjects: 0.018100 ms)

========================================================================
Received Import Request.
  Time since last request: 80.980271 seconds.
  path: Assets/Scripts/Dialogue Use/DialogueTalk.cs
  artifactKey: Guid(eef60a900c6aeba4fab95bffb932abc9) Importer(815301076,1909f56bfc062723c751e8b465ee728b)
Start importing Assets/Scripts/Dialogue Use/DialogueTalk.cs using Guid(eef60a900c6aeba4fab95bffb932abc9) Importer(815301076,1909f56bfc062723c751e8b465ee728b)  -> (artifact id: '7b2c14e803e2a69d2e8406bcd6819ae0') in 0.027909 seconds
  Import took 0.031984 seconds .

========================================================================
Received Prepare
Registering precompiled user dll's ...
Registered in 0.001184 seconds.
Begin MonoManager ReloadAssembly
Native extension for LinuxStandalone target not found
Native extension for WindowsStandalone target not found
Refreshing native plugins compatible for Editor in 0.42 ms, found 1 plugins.
Preloading 0 native plugins for Editor in 0.00 ms.
Invoked RoslynAnalysisRunner static constructor.
RoslynAnalysisRunner will not be running.
RoslynAnalysisRunner has terminated.
Mono: successfully reloaded assembly
- Completed reload, in  1.339 seconds
Platform modules already initialized, skipping
Refreshing native plugins compatible for Editor in 0.43 ms, found 1 plugins.
Preloading 0 native plugins for Editor in 0.00 ms.
Unloading 1800 Unused Serialized files (Serialized files now loaded: 0)
System memory in use before: 84.4 MB.
System memory in use after: 84.5 MB.

Unloading 7 unused Assets to reduce memory usage. Loaded Objects now: 2311.
Total: 2.546700 ms (FindLiveObjects: 0.266400 ms CreateObjectMapping: 0.168700 ms MarkObjects: 2.092500 ms  DeleteObjects: 0.017500 ms)

========================================================================
Received Prepare
Registering precompiled user dll's ...
Registered in 0.000954 seconds.
Begin MonoManager ReloadAssembly
Native extension for LinuxStandalone target not found
Native extension for WindowsStandalone target not found
Refreshing native plugins compatible for Editor in 0.43 ms, found 1 plugins.
Preloading 0 native plugins for Editor in 0.00 ms.
Invoked RoslynAnalysisRunner static constructor.
RoslynAnalysisRunner will not be running.
RoslynAnalysisRunner has terminated.
Mono: successfully reloaded assembly
- Completed reload, in  1.218 seconds
Platform modules already initialized, skipping
Refreshing native plugins compatible for Editor in 0.47 ms, found 1 plugins.
Preloading 0 native plugins for Editor in 0.00 ms.
Unloading 1800 Unused Serialized files (Serialized files now loaded: 0)
System memory in use before: 84.4 MB.
System memory in use after: 84.6 MB.

Unloading 7 unused Assets to reduce memory usage. Loaded Objects now: 2314.
Total: 2.658300 ms (FindLiveObjects: 0.281900 ms CreateObjectMapping: 0.172500 ms MarkObjects: 2.184600 ms  DeleteObjects: 0.018000 ms)

========================================================================
Received Import Request.
  Time since last request: 177.486041 seconds.
  path: Assets/Scripts/Dialogue Use/LanguageController.cs
  artifactKey: Guid(e0bb5de5146783445a69eb92511cc574) Importer(815301076,1909f56bfc062723c751e8b465ee728b)
Start importing Assets/Scripts/Dialogue Use/LanguageController.cs using Guid(e0bb5de5146783445a69eb92511cc574) Importer(815301076,1909f56bfc062723c751e8b465ee728b)  -> (artifact id: '5b797870d0d7e86cd259780c52fec1f5') in 0.007626 seconds
  Import took 0.011787 seconds .

========================================================================
Received Prepare
Registering precompiled user dll's ...
Registered in 0.000958 seconds.
Begin MonoManager ReloadAssembly
Native extension for LinuxStandalone target not found
Native extension for WindowsStandalone target not found
Refreshing native plugins compatible for Editor in 0.44 ms, found 1 plugins.
Preloading 0 native plugins for Editor in 0.00 ms.
Invoked RoslynAnalysisRunner static constructor.
RoslynAnalysisRunner will not be running.
RoslynAnalysisRunner has terminated.
Mono: successfully reloaded assembly
- Completed reload, in  1.283 seconds
Platform modules already initialized, skipping
Refreshing native plugins compatible for Editor in 0.44 ms, found 1 plugins.
Preloading 0 native plugins for Editor in 0.00 ms.
Unloading 1800 Unused Serialized files (Serialized files now loaded: 0)
System memory in use before: 84.4 MB.
System memory in use after: 84.6 MB.

Unloading 7 unused Assets to reduce memory usage. Loaded Objects now: 2317.
Total: 2.675000 ms (FindLiveObjects: 0.282900 ms CreateObjectMapping: 0.164800 ms MarkObjects: 2.178000 ms  DeleteObjects: 0.047400 ms)

========================================================================
Received Import Request.
  Time since last request: 394.460533 seconds.
  path: Assets/Scripts/Dialogue Use/DialogueGetData.cs
  artifactKey: Guid(a09f2be01c6c4354fa63fb499467f61a) Importer(815301076,1909f56bfc062723c751e8b465ee728b)
Start importing Assets/Scripts/Dialogue Use/DialogueGetData.cs using Guid(a09f2be01c6c4354fa63fb499467f61a) Importer(815301076,1909f56bfc062723c751e8b465ee728b)  -> (artifact id: '87d1e568e6d8b0a82188b74b6e72c0b4') in 0.006317 seconds
  Import took 0.009805 seconds .

========================================================================
Received Prepare
Registering precompiled user dll's ...
Registered in 0.000968 seconds.
Begin MonoManager ReloadAssembly
Native extension for LinuxStandalone target not found
Native extension for WindowsStandalone target not found
Refreshing native plugins compatible for Editor in 0.42 ms, found 1 plugins.
Preloading 0 native plugins for Editor in 0.00 ms.
Invoked RoslynAnalysisRunner static constructor.
RoslynAnalysisRunner will not be running.
RoslynAnalysisRunner has terminated.
Mono: successfully reloaded assembly
- Completed reload, in  1.256 seconds
Platform modules already initialized, skipping
Refreshing native plugins compatible for Editor in 0.42 ms, found 1 plugins.
Preloading 0 native plugins for Editor in 0.00 ms.
Unloading 1800 Unused Serialized files (Serialized files now loaded: 0)
System memory in use before: 84.5 MB.
System memory in use after: 84.6 MB.

Unloading 7 unused Assets to reduce memory usage. Loaded Objects now: 2320.
Total: 2.479700 ms (FindLiveObjects: 0.252800 ms CreateObjectMapping: 0.145300 ms MarkObjects: 2.062700 ms  DeleteObjects: 0.017700 ms)

========================================================================
Received Prepare
Registering precompiled user dll's ...
Registered in 0.000984 seconds.
Begin MonoManager ReloadAssembly
Native extension for LinuxStandalone target not found
Native extension for WindowsStandalone target not found
Refreshing native plugins compatible for Editor in 0.42 ms, found 1 plugins.
Preloading 0 native plugins for Editor in 0.00 ms.
Invoked RoslynAnalysisRunner static constructor.
RoslynAnalysisRunner will not be running.
RoslynAnalysisRunner has terminated.
Mono: successfully reloaded assembly
- Completed reload, in  1.139 seconds
Platform modules already initialized, skipping
Refreshing native plugins compatible for Editor in 0.43 ms, found 1 plugins.
Preloading 0 native plugins for Editor in 0.00 ms.
Unloading 1800 Unused Serialized files (Serialized files now loaded: 0)
System memory in use before: 84.5 MB.
System memory in use after: 84.6 MB.

Unloading 7 unused Assets to reduce memory usage. Loaded Objects now: 2323.
Total: 2.587600 ms (FindLiveObjects: 0.271600 ms CreateObjectMapping: 0.185700 ms MarkObjects: 2.084700 ms  DeleteObjects: 0.035400 ms)

========================================================================
Received Prepare
Registering precompiled user dll's ...
Registered in 0.001076 seconds.
Begin MonoManager ReloadAssembly
Native extension for LinuxStandalone target not found
Native extension for WindowsStandalone target not found
Refreshing native plugins compatible for Editor in 0.46 ms, found 1 plugins.
Preloading 0 native plugins for Editor in 0.00 ms.
Invoked RoslynAnalysisRunner static constructor.
RoslynAnalysisRunner will not be running.
RoslynAnalysisRunner has terminated.
Mono: successfully reloaded assembly
- Completed reload, in  1.157 seconds
Platform modules already initialized, skipping
Refreshing native plugins compatible for Editor in 0.44 ms, found 1 plugins.
Preloading 0 native plugins for Editor in 0.00 ms.
Unloading 1800 Unused Serialized files (Serialized files now loaded: 0)
System memory in use before: 84.5 MB.
System memory in use after: 84.6 MB.

Unloading 7 unused Assets to reduce memory usage. Loaded Objects now: 2326.
Total: 2.452300 ms (FindLiveObjects: 0.243600 ms CreateObjectMapping: 0.138800 ms MarkObjects: 2.050700 ms  DeleteObjects: 0.017800 ms)

========================================================================
Received Prepare
Registering precompiled user dll's ...
Registered in 0.000989 seconds.
Begin MonoManager ReloadAssembly
Native extension for LinuxStandalone target not found
Native extension for WindowsStandalone target not found
Refreshing native plugins compatible for Editor in 0.42 ms, found 1 plugins.
Preloading 0 native plugins for Editor in 0.00 ms.
Invoked RoslynAnalysisRunner static constructor.
RoslynAnalysisRunner will not be running.
RoslynAnalysisRunner has terminated.
Mono: successfully reloaded assembly
- Completed reload, in  1.119 seconds
Platform modules already initialized, skipping
Refreshing native plugins compatible for Editor in 0.43 ms, found 1 plugins.
Preloading 0 native plugins for Editor in 0.00 ms.
Unloading 1800 Unused Serialized files (Serialized files now loaded: 0)
System memory in use before: 84.5 MB.
System memory in use after: 84.6 MB.

Unloading 7 unused Assets to reduce memory usage. Loaded Objects now: 2329.
Total: 3.044100 ms (FindLiveObjects: 0.260300 ms CreateObjectMapping: 0.141500 ms MarkObjects: 2.620300 ms  DeleteObjects: 0.019800 ms)

========================================================================
Received Prepare
Registering precompiled user dll's ...
Registered in 0.001241 seconds.
Begin MonoManager ReloadAssembly
Native extension for LinuxStandalone target not found
Native extension for WindowsStandalone target not found
Refreshing native plugins compatible for Editor in 0.42 ms, found 1 plugins.
Preloading 0 native plugins for Editor in 0.00 ms.
Invoked RoslynAnalysisRunner static constructor.
RoslynAnalysisRunner will not be running.
RoslynAnalysisRunner has terminated.
Mono: successfully reloaded assembly
- Completed reload, in  1.241 seconds
Platform modules already initialized, skipping
Refreshing native plugins compatible for Editor in 0.43 ms, found 1 plugins.
Preloading 0 native plugins for Editor in 0.00 ms.
Unloading 1800 Unused Serialized files (Serialized files now loaded: 0)
System memory in use before: 84.5 MB.
System memory in use after: 84.6 MB.

Unloading 7 unused Assets to reduce memory usage. Loaded Objects now: 2332.
Total: 2.681600 ms (FindLiveObjects: 0.240400 ms CreateObjectMapping: 0.125800 ms MarkObjects: 2.215600 ms  DeleteObjects: 0.098300 ms)

========================================================================
Received Prepare
Registering precompiled user dll's ...
Registered in 0.001184 seconds.
Begin MonoManager ReloadAssembly
Native extension for LinuxStandalone target not found
Native extension for WindowsStandalone target not found
Refreshing native plugins compatible for Editor in 0.47 ms, found 1 plugins.
Preloading 0 native plugins for Editor in 0.00 ms.
Invoked RoslynAnalysisRunner static constructor.
RoslynAnalysisRunner will not be running.
RoslynAnalysisRunner has terminated.
Mono: successfully reloaded assembly
- Completed reload, in  1.178 seconds
Platform modules already initialized, skipping
Refreshing native plugins compatible for Editor in 0.41 ms, found 1 plugins.
Preloading 0 native plugins for Editor in 0.00 ms.
Unloading 1800 Unused Serialized files (Serialized files now loaded: 0)
System memory in use before: 84.5 MB.
System memory in use after: 84.6 MB.

Unloading 7 unused Assets to reduce memory usage. Loaded Objects now: 2335.
Total: 2.702200 ms (FindLiveObjects: 0.300900 ms CreateObjectMapping: 0.204200 ms MarkObjects: 2.168800 ms  DeleteObjects: 0.026800 ms)

========================================================================
Received Import Request.
  Time since last request: 3460.083298 seconds.
  path: Assets/Scripts/Dialogue Use/DialogueTalk.cs
  artifactKey: Guid(eef60a900c6aeba4fab95bffb932abc9) Importer(815301076,1909f56bfc062723c751e8b465ee728b)
Start importing Assets/Scripts/Dialogue Use/DialogueTalk.cs using Guid(eef60a900c6aeba4fab95bffb932abc9) Importer(815301076,1909f56bfc062723c751e8b465ee728b)  -> (artifact id: '38d1a8ca5c6e1a5d6c4ca2c885539a60') in 0.012332 seconds
  Import took 0.016189 seconds .

========================================================================
Received Prepare
Registering precompiled user dll's ...
Registered in 0.007274 seconds.
Begin MonoManager ReloadAssembly
Native extension for LinuxStandalone target not found
Native extension for WindowsStandalone target not found
Refreshing native plugins compatible for Editor in 0.45 ms, found 1 plugins.
Preloading 0 native plugins for Editor in 0.00 ms.
Invoked RoslynAnalysisRunner static constructor.
RoslynAnalysisRunner will not be running.
RoslynAnalysisRunner has terminated.
Mono: successfully reloaded assembly
- Completed reload, in  1.134 seconds
Platform modules already initialized, skipping
Refreshing native plugins compatible for Editor in 0.42 ms, found 1 plugins.
Preloading 0 native plugins for Editor in 0.00 ms.
Unloading 1800 Unused Serialized files (Serialized files now loaded: 0)
System memory in use before: 84.5 MB.
System memory in use after: 84.6 MB.

Unloading 7 unused Assets to reduce memory usage. Loaded Objects now: 2338.
Total: 2.860300 ms (FindLiveObjects: 0.308900 ms CreateObjectMapping: 0.221100 ms MarkObjects: 2.300500 ms  DeleteObjects: 0.022000 ms)

========================================================================
Received Import Request.
  Time since last request: 3742.884275 seconds.
  path: Assets/Scripts/Dialogue Use/DialogueTalk.cs
  artifactKey: Guid(eef60a900c6aeba4fab95bffb932abc9) Importer(815301076,1909f56bfc062723c751e8b465ee728b)
Start importing Assets/Scripts/Dialogue Use/DialogueTalk.cs using Guid(eef60a900c6aeba4fab95bffb932abc9) Importer(815301076,1909f56bfc062723c751e8b465ee728b)  -> (artifact id: '2d9fa48f40aac7d8d8fb34ee91b484b7') in 0.006568 seconds
  Import took 0.010804 seconds .

========================================================================
Received Import Request.
  Time since last request: 0.038649 seconds.
  path: Assets/Scripts/Dialogue Use/DialogueTalk.cs
  artifactKey: Guid(eef60a900c6aeba4fab95bffb932abc9) Importer(815301076,1909f56bfc062723c751e8b465ee728b)
Start importing Assets/Scripts/Dialogue Use/DialogueTalk.cs using Guid(eef60a900c6aeba4fab95bffb932abc9) Importer(815301076,1909f56bfc062723c751e8b465ee728b)  -> (artifact id: '2d9fa48f40aac7d8d8fb34ee91b484b7') in 0.004757 seconds
  Import took 0.008701 seconds .

AssetImportWorkerClient::OnTransportError - code=2 error=End of file
