Using pre-set license
Built from '2020.2/staging' branch; Version is '2020.2.3f1 (8ff31bc5bf5b) revision 9433883'; Using compiler version '192528614'; Build Type 'Release'
OS: 'Windows 10 Pro; OS build 19042.746; Version 2009; 64bit' Language: 'ru' Physical Memory: 16345 MB
BatchMode: 1, IsHumanControllingUs: 0, StartBugReporterOnCrash: 0, Is64bit: 1, IsPro: 0

 COMMAND LINE ARGUMENTS:
C:\Program Files\Unity\Editor\Unity.exe
-adb2
-batchMode
-noUpm
-name
AssetImportWorker0
-projectPath
E:/ProjectAvita/UnityDev/Project_Avita
-logFile
Logs/AssetImportWorker0.log
-srvPort
50840
Successfully changed project path to: E:/ProjectAvita/UnityDev/Project_Avita
E:/ProjectAvita/UnityDev/Project_Avita
Using Asset Import Pipeline V2.
Refreshing native plugins compatible for Editor in 51.52 ms, found 1 plugins.
Preloading 0 native plugins for Editor in 0.00 ms.
Initialize engine version: 2020.2.3f1 (8ff31bc5bf5b)
[Subsystems] Discovering subsystems at path C:/Program Files/Unity/Editor/Data/Resources/UnitySubsystems
[Subsystems] Discovering subsystems at path E:/ProjectAvita/UnityDev/Project_Avita/Assets
GfxDevice: creating device client; threaded=0
Direct3D:
    Version:  Direct3D 11.0 [level 11.1]
    Renderer: NVIDIA GeForce RTX 2060 SUPER (ID=0x1f06)
    Vendor:   
    VRAM:     8031 MB
    Driver:   27.21.14.6109
Initialize mono
Mono path[0] = 'C:/Program Files/Unity/Editor/Data/Managed'
Mono path[1] = 'C:/Program Files/Unity/Editor/Data/MonoBleedingEdge/lib/mono/unityjit'
Mono config path = 'C:/Program Files/Unity/Editor/Data/MonoBleedingEdge/etc'
Using monoOptions --debugger-agent=transport=dt_socket,embedding=1,server=y,suspend=n,address=127.0.0.1:56624
Begin MonoManager ReloadAssembly
Registering precompiled unity dll's ...
Register platform support module: C:/Program Files/Unity/Editor/Data/PlaybackEngines/WindowsStandaloneSupport/UnityEditor.WindowsStandalone.Extensions.dll
Register platform support module: C:/Program Files/Unity/Editor/Data/PlaybackEngines/LinuxStandaloneSupport/UnityEditor.LinuxStandalone.Extensions.dll
Registered in 0.004049 seconds.
Native extension for LinuxStandalone target not found
Native extension for WindowsStandalone target not found
Refreshing native plugins compatible for Editor in 48.87 ms, found 1 plugins.
Preloading 0 native plugins for Editor in 0.00 ms.
Invoked RoslynAnalysisRunner static constructor.
RoslynAnalysisRunner will not be running.
RoslynAnalysisRunner has terminated.
Mono: successfully reloaded assembly
- Completed reload, in  1.452 seconds
Platform modules already initialized, skipping
Registering precompiled user dll's ...
Registered in 0.000983 seconds.
Begin MonoManager ReloadAssembly
Native extension for LinuxStandalone target not found
Native extension for WindowsStandalone target not found
Refreshing native plugins compatible for Editor in 54.60 ms, found 1 plugins.
Preloading 0 native plugins for Editor in 0.00 ms.
Invoked RoslynAnalysisRunner static constructor.
RoslynAnalysisRunner will not be running.
RoslynAnalysisRunner has terminated.
Mono: successfully reloaded assembly
- Completed reload, in  1.269 seconds
Platform modules already initialized, skipping
========================================================================
Worker process is ready to serve import requests
Launched and connected shader compiler UnityShaderCompiler.exe after 0.05 seconds
Refreshing native plugins compatible for Editor in 0.41 ms, found 1 plugins.
Preloading 0 native plugins for Editor in 0.00 ms.
Unloading 1806 Unused Serialized files (Serialized files now loaded: 0)
System memory in use before: 84.5 MB.
System memory in use after: 84.5 MB.

Unloading 24 unused Assets to reduce memory usage. Loaded Objects now: 2247.
Total: 2.307600 ms (FindLiveObjects: 0.195000 ms CreateObjectMapping: 0.073600 ms MarkObjects: 1.867200 ms  DeleteObjects: 0.170600 ms)

========================================================================
Received Import Request.
  path: Assets/Resources/New Dialogue Container SO 1.asset
  artifactKey: Guid(0fc5e7d53f57eb04cb3924d9787970ab) Importer(815301076,1909f56bfc062723c751e8b465ee728b)
Start importing Assets/Resources/New Dialogue Container SO 1.asset using Guid(0fc5e7d53f57eb04cb3924d9787970ab) Importer(815301076,1909f56bfc062723c751e8b465ee728b)  -> (artifact id: 'a7dc905ad233cc46b8463e29a561bcb3') in 0.045195 seconds
  Import took 0.049977 seconds .

========================================================================
Received Import Request.
  Time since last request: 0.000304 seconds.
  path: Assets/Scripts
  artifactKey: Guid(09c3e9a4487004c4ba698ffdb9ef3915) Importer(815301076,1909f56bfc062723c751e8b465ee728b)
Start importing Assets/Scripts using Guid(09c3e9a4487004c4ba698ffdb9ef3915) Importer(815301076,1909f56bfc062723c751e8b465ee728b)  -> (artifact id: 'c4ff9e7af36c9e7bb9490099b4fbf2e0') in 0.007077 seconds
  Import took 0.010578 seconds .

========================================================================
Received Import Request.
  Time since last request: 3.931658 seconds.
  path: Assets/Scripts/Dialogue_System
  artifactKey: Guid(979d31b69d37a4246a4c593f00c02319) Importer(815301076,1909f56bfc062723c751e8b465ee728b)
Start importing Assets/Scripts/Dialogue_System using Guid(979d31b69d37a4246a4c593f00c02319) Importer(815301076,1909f56bfc062723c751e8b465ee728b)  -> (artifact id: '7ac6bc2bd7fcc0422a6b4984d219eedf') in 0.009185 seconds
  Import took 0.013095 seconds .

========================================================================
Received Import Request.
  Time since last request: 0.614904 seconds.
  path: Assets/Scripts/Dialogue_System/Dialogue_Editor
  artifactKey: Guid(4605a7f43de70164b88ae267d4fcea4c) Importer(815301076,1909f56bfc062723c751e8b465ee728b)
Start importing Assets/Scripts/Dialogue_System/Dialogue_Editor using Guid(4605a7f43de70164b88ae267d4fcea4c) Importer(815301076,1909f56bfc062723c751e8b465ee728b)  -> (artifact id: '08ccb6b36e6e084ccbb2bdc991d3c274') in 0.007919 seconds
  Import took 0.012325 seconds .

========================================================================
Received Import Request.
  Time since last request: 1.155051 seconds.
  path: Assets/Scripts/Dialogue_System/Dialogue_Editor/Editor
  artifactKey: Guid(3a7caa2c4b2b6da40a577a1aa61108b5) Importer(815301076,1909f56bfc062723c751e8b465ee728b)
Start importing Assets/Scripts/Dialogue_System/Dialogue_Editor/Editor using Guid(3a7caa2c4b2b6da40a577a1aa61108b5) Importer(815301076,1909f56bfc062723c751e8b465ee728b)  -> (artifact id: '69182874421d0af0052479d62c47fe2d') in 0.009210 seconds
  Import took 0.012920 seconds .

========================================================================
Received Import Request.
  Time since last request: 20.668674 seconds.
  path: Assets/Scripts/Dialogue_System/Dialogue_Editor/Editor/DialogueSaveAndLoad.cs
  artifactKey: Guid(c881ee2fb3a18af45b03a2c15200b6a0) Importer(815301076,1909f56bfc062723c751e8b465ee728b)
Start importing Assets/Scripts/Dialogue_System/Dialogue_Editor/Editor/DialogueSaveAndLoad.cs using Guid(c881ee2fb3a18af45b03a2c15200b6a0) Importer(815301076,1909f56bfc062723c751e8b465ee728b)  -> (artifact id: '09e5eb5515217c831724444852ee3319') in 0.015481 seconds
  Import took 0.019248 seconds .

========================================================================
Received Import Request.
  Time since last request: 0.026597 seconds.
  path: Assets/Scripts/Dialogue_System/Dialogue_Editor/Editor/DialogueSaveAndLoad.cs
  artifactKey: Guid(c881ee2fb3a18af45b03a2c15200b6a0) Importer(815301076,1909f56bfc062723c751e8b465ee728b)
Start importing Assets/Scripts/Dialogue_System/Dialogue_Editor/Editor/DialogueSaveAndLoad.cs using Guid(c881ee2fb3a18af45b03a2c15200b6a0) Importer(815301076,1909f56bfc062723c751e8b465ee728b)  -> (artifact id: '09e5eb5515217c831724444852ee3319') in 0.004013 seconds
  Import took 0.008329 seconds .

========================================================================
Received Import Request.
  Time since last request: 0.954656 seconds.
  path: Assets/Scripts/Dialogue_System/Dialogue_Editor/Runtime/Scriptable Objects/DIalogueContainerSO.cs
  artifactKey: Guid(2fed56465d2e9f549ab1654caa415a90) Importer(815301076,1909f56bfc062723c751e8b465ee728b)
Start importing Assets/Scripts/Dialogue_System/Dialogue_Editor/Runtime/Scriptable Objects/DIalogueContainerSO.cs using Guid(2fed56465d2e9f549ab1654caa415a90) Importer(815301076,1909f56bfc062723c751e8b465ee728b)  -> (artifact id: 'b1a37bfab81c42e5ac2f96e54c66729e') in 0.009810 seconds
  Import took 0.014171 seconds .

========================================================================
Received Import Request.
  Time since last request: 0.002494 seconds.
  path: Assets/Scripts/Dialogue_System/Dialogue_Editor/Runtime/Scriptable Objects/DIalogueContainerSO.cs
  artifactKey: Guid(2fed56465d2e9f549ab1654caa415a90) Importer(815301076,1909f56bfc062723c751e8b465ee728b)
Start importing Assets/Scripts/Dialogue_System/Dialogue_Editor/Runtime/Scriptable Objects/DIalogueContainerSO.cs using Guid(2fed56465d2e9f549ab1654caa415a90) Importer(815301076,1909f56bfc062723c751e8b465ee728b)  -> (artifact id: 'b1a37bfab81c42e5ac2f96e54c66729e') in 0.003226 seconds
  Import took 0.007031 seconds .

========================================================================
Received Import Request.
  Time since last request: 18.012550 seconds.
  path: Assets/Scripts/Dialogue_System/Dialogue_Editor/Editor/Resources/GraphViewStyleSheet.uss
  artifactKey: Guid(e1f668ba02e041b4cbb5f1d50a0799d6) Importer(815301076,1909f56bfc062723c751e8b465ee728b)
Start importing Assets/Scripts/Dialogue_System/Dialogue_Editor/Editor/Resources/GraphViewStyleSheet.uss using Guid(e1f668ba02e041b4cbb5f1d50a0799d6) Importer(815301076,1909f56bfc062723c751e8b465ee728b)  -> (artifact id: 'e3ca578b807d312f50236eafc5e6b8bf') in 0.026406 seconds
  Import took 0.029962 seconds .

========================================================================
Received Import Request.
  Time since last request: 0.000312 seconds.
  path: Assets/Scripts/Dialogue_System/Dialogue_Editor/Editor/Resources/NodeStyleSheet.uss
  artifactKey: Guid(5f758236eee26f144a719f86ceb29c10) Importer(815301076,1909f56bfc062723c751e8b465ee728b)
Start importing Assets/Scripts/Dialogue_System/Dialogue_Editor/Editor/Resources/NodeStyleSheet.uss using Guid(5f758236eee26f144a719f86ceb29c10) Importer(815301076,1909f56bfc062723c751e8b465ee728b)  -> (artifact id: '844ec49d83d70930bafd0c90c4b52ecb') in 0.010840 seconds
  Import took 0.014137 seconds .

========================================================================
Received Import Request.
  Time since last request: 1.642472 seconds.
  path: Assets/Scripts/Dialogue_System/Dialogue_Editor/Editor/Graph View/DialogueEditorWindow.cs
  artifactKey: Guid(477bfe11958dc1a41862d1187518fb97) Importer(815301076,1909f56bfc062723c751e8b465ee728b)
Start importing Assets/Scripts/Dialogue_System/Dialogue_Editor/Editor/Graph View/DialogueEditorWindow.cs using Guid(477bfe11958dc1a41862d1187518fb97) Importer(815301076,1909f56bfc062723c751e8b465ee728b)  -> (artifact id: '69763f370f75ff3a15aedd673933111b') in 0.010418 seconds
  Import took 0.015247 seconds .

========================================================================
Received Import Request.
  Time since last request: 2.173050 seconds.
  path: Assets/Scripts/Dialogue_System/Dialogue_Editor/Editor/Graph View/DialogueGraphView.cs
  artifactKey: Guid(6a13960141fb41b4d95983d3d8470f95) Importer(815301076,1909f56bfc062723c751e8b465ee728b)
Start importing Assets/Scripts/Dialogue_System/Dialogue_Editor/Editor/Graph View/DialogueGraphView.cs using Guid(6a13960141fb41b4d95983d3d8470f95) Importer(815301076,1909f56bfc062723c751e8b465ee728b)  -> (artifact id: 'af926b533f14704f8ac4baa0491d1067') in 0.044562 seconds
  Import took 0.156192 seconds .

========================================================================
Received Import Request.
  Time since last request: 0.643574 seconds.
  path: Assets/Scripts/Dialogue_System/Dialogue_Editor/Editor/Graph View/NodeSearchWindow.cs
  artifactKey: Guid(d0c5a7bc0e6be0645b14be15328f7201) Importer(815301076,1909f56bfc062723c751e8b465ee728b)
Start importing Assets/Scripts/Dialogue_System/Dialogue_Editor/Editor/Graph View/NodeSearchWindow.cs using Guid(d0c5a7bc0e6be0645b14be15328f7201) Importer(815301076,1909f56bfc062723c751e8b465ee728b)  -> (artifact id: '754073a04fe1ba59fbc4ed5b4ed1eead') in 0.027341 seconds
  Import took 0.031080 seconds .

========================================================================
Received Import Request.
  Time since last request: 61.048366 seconds.
  path: Assets/Resources
  artifactKey: Guid(96f4a1fc5022c524190bbd03efb2d4c6) Importer(815301076,1909f56bfc062723c751e8b465ee728b)
Start importing Assets/Resources using Guid(96f4a1fc5022c524190bbd03efb2d4c6) Importer(815301076,1909f56bfc062723c751e8b465ee728b)  -> (artifact id: 'a09f014ead4479a10348ef1f485cea27') in 0.015378 seconds
  Import took 0.018934 seconds .

========================================================================
Received Import Request.
  Time since last request: 4.898149 seconds.
  path: Assets/Resources/New Dialogue Container SO.asset
  artifactKey: Guid(3545440af0a2d78439e3c8af060e3371) Importer(815301076,1909f56bfc062723c751e8b465ee728b)
Start importing Assets/Resources/New Dialogue Container SO.asset using Guid(3545440af0a2d78439e3c8af060e3371) Importer(815301076,1909f56bfc062723c751e8b465ee728b)  -> (artifact id: 'c8660271607305a83a3b0de71c975b01') in 0.015087 seconds
  Import took 0.019199 seconds .

========================================================================
Received Import Request.
  Time since last request: 0.002464 seconds.
  path: Assets/Resources/New Dialogue Container SO.asset
  artifactKey: Guid(3545440af0a2d78439e3c8af060e3371) Importer(815301076,1909f56bfc062723c751e8b465ee728b)
Start importing Assets/Resources/New Dialogue Container SO.asset using Guid(3545440af0a2d78439e3c8af060e3371) Importer(815301076,1909f56bfc062723c751e8b465ee728b)  -> (artifact id: 'c8660271607305a83a3b0de71c975b01') in 0.005327 seconds
  Import took 0.008840 seconds .

========================================================================
Received Import Request.
  Time since last request: 191.823957 seconds.
  path: Assets/Scripts/Dialogue_System/Dialogue_Editor/Editor/Nodes/BaseNode.cs
  artifactKey: Guid(5a375ca77c11f314498d64e2184706ab) Importer(815301076,1909f56bfc062723c751e8b465ee728b)
Start importing Assets/Scripts/Dialogue_System/Dialogue_Editor/Editor/Nodes/BaseNode.cs using Guid(5a375ca77c11f314498d64e2184706ab) Importer(815301076,1909f56bfc062723c751e8b465ee728b)  -> (artifact id: '0e0e3656bd5ff504ca187208534e2543') in 0.010571 seconds
  Import took 0.014266 seconds .

========================================================================
Received Import Request.
  Time since last request: 0.005571 seconds.
  path: Assets/Scripts/Dialogue_System/Dialogue_Editor/Editor/Nodes/BaseNode.cs
  artifactKey: Guid(5a375ca77c11f314498d64e2184706ab) Importer(815301076,1909f56bfc062723c751e8b465ee728b)
Start importing Assets/Scripts/Dialogue_System/Dialogue_Editor/Editor/Nodes/BaseNode.cs using Guid(5a375ca77c11f314498d64e2184706ab) Importer(815301076,1909f56bfc062723c751e8b465ee728b)  -> (artifact id: '0e0e3656bd5ff504ca187208534e2543') in 0.003668 seconds
  Import took 0.006915 seconds .

========================================================================
Received Import Request.
  Time since last request: 1.684730 seconds.
  path: Assets/Scripts/Dialogue_System/Dialogue_Editor/Editor/Nodes/DialogueNode.cs
  artifactKey: Guid(87652229ffbe1f94080d4edad01a9d61) Importer(815301076,1909f56bfc062723c751e8b465ee728b)
Start importing Assets/Scripts/Dialogue_System/Dialogue_Editor/Editor/Nodes/DialogueNode.cs using Guid(87652229ffbe1f94080d4edad01a9d61) Importer(815301076,1909f56bfc062723c751e8b465ee728b)  -> (artifact id: '6f65f9422b91baf7a3c039f57c199c62') in 0.015265 seconds
  Import took 0.019657 seconds .

========================================================================
Received Import Request.
  Time since last request: 0.000112 seconds.
  path: Assets/Scripts/Dialogue_System/Dialogue_Editor/Editor/Nodes/DialogueNode.cs
  artifactKey: Guid(87652229ffbe1f94080d4edad01a9d61) Importer(815301076,1909f56bfc062723c751e8b465ee728b)
Start importing Assets/Scripts/Dialogue_System/Dialogue_Editor/Editor/Nodes/DialogueNode.cs using Guid(87652229ffbe1f94080d4edad01a9d61) Importer(815301076,1909f56bfc062723c751e8b465ee728b)  -> (artifact id: '6f65f9422b91baf7a3c039f57c199c62') in 0.023336 seconds
  Import took 0.029466 seconds .

========================================================================
Received Import Request.
  Time since last request: 1.741776 seconds.
  path: Assets/Scripts/Dialogue_System/Dialogue_Editor/Editor/Nodes/EndNode.cs
  artifactKey: Guid(351ba7c484bd3dc4fae154cb463b6a76) Importer(815301076,1909f56bfc062723c751e8b465ee728b)
Start importing Assets/Scripts/Dialogue_System/Dialogue_Editor/Editor/Nodes/EndNode.cs using Guid(351ba7c484bd3dc4fae154cb463b6a76) Importer(815301076,1909f56bfc062723c751e8b465ee728b)  -> (artifact id: 'eafb7e756d692605924ef03256a85ebf') in 0.011801 seconds
  Import took 0.015076 seconds .

========================================================================
Received Import Request.
  Time since last request: 0.001841 seconds.
  path: Assets/Scripts/Dialogue_System/Dialogue_Editor/Editor/Nodes/EndNode.cs
  artifactKey: Guid(351ba7c484bd3dc4fae154cb463b6a76) Importer(815301076,1909f56bfc062723c751e8b465ee728b)
Start importing Assets/Scripts/Dialogue_System/Dialogue_Editor/Editor/Nodes/EndNode.cs using Guid(351ba7c484bd3dc4fae154cb463b6a76) Importer(815301076,1909f56bfc062723c751e8b465ee728b)  -> (artifact id: 'eafb7e756d692605924ef03256a85ebf') in 0.003534 seconds
  Import took 0.007103 seconds .

========================================================================
Received Import Request.
  Time since last request: 1.469198 seconds.
  path: Assets/Scripts/Dialogue_System/Dialogue_Editor/Editor/Nodes/EventNode.cs
  artifactKey: Guid(caaa3df6777980743bdbff1408b199e4) Importer(815301076,1909f56bfc062723c751e8b465ee728b)
Start importing Assets/Scripts/Dialogue_System/Dialogue_Editor/Editor/Nodes/EventNode.cs using Guid(caaa3df6777980743bdbff1408b199e4) Importer(815301076,1909f56bfc062723c751e8b465ee728b)  -> (artifact id: '64a48dafcc3e392e280d0956b93614c1') in 0.027388 seconds
  Import took 0.033333 seconds .

========================================================================
Received Import Request.
  Time since last request: 1.617025 seconds.
  path: Assets/Scripts/Dialogue_System/Dialogue_Editor/Editor/Nodes/StartNode.cs
  artifactKey: Guid(6350fa51f8b058d4685063c44fb6575d) Importer(815301076,1909f56bfc062723c751e8b465ee728b)
Start importing Assets/Scripts/Dialogue_System/Dialogue_Editor/Editor/Nodes/StartNode.cs using Guid(6350fa51f8b058d4685063c44fb6575d) Importer(815301076,1909f56bfc062723c751e8b465ee728b)  -> (artifact id: 'f1f1f477907c92c353b86b8cb603f55e') in 0.020275 seconds
  Import took 0.039983 seconds .

========================================================================
Received Prepare
Registering precompiled user dll's ...
Registered in 0.001000 seconds.
Begin MonoManager ReloadAssembly
Native extension for LinuxStandalone target not found
Native extension for WindowsStandalone target not found
Refreshing native plugins compatible for Editor in 0.43 ms, found 1 plugins.
Preloading 0 native plugins for Editor in 0.00 ms.
Invoked RoslynAnalysisRunner static constructor.
RoslynAnalysisRunner will not be running.
RoslynAnalysisRunner has terminated.
Mono: successfully reloaded assembly
- Completed reload, in  1.219 seconds
Platform modules already initialized, skipping
Refreshing native plugins compatible for Editor in 1.19 ms, found 1 plugins.
Preloading 0 native plugins for Editor in 0.00 ms.
Unloading 1801 Unused Serialized files (Serialized files now loaded: 0)
System memory in use before: 84.5 MB.
System memory in use after: 84.5 MB.

Unloading 12 unused Assets to reduce memory usage. Loaded Objects now: 2250.
Total: 2.855500 ms (FindLiveObjects: 0.263600 ms CreateObjectMapping: 0.162800 ms MarkObjects: 2.265300 ms  DeleteObjects: 0.161800 ms)

